This is pdfTeX, Version 3.1415926-2.5-1.40.14 (MiKTeX 2.9 64-bit) (preloaded format=pdflatex 2014.12.20)  26 JAN 2015 21:29
entering extended mode
**ijcai15.tex
(C:\Users\Alex\git\GraphEvolPaper\ijcai15.tex
LaTeX2e <2011/06/27>
Babel <v3.8m> and hyphenation patterns for english, afrikaans, ancientgreek, ar
abic, armenian, assamese, basque, bengali, bokmal, bulgarian, catalan, coptic, 
croatian, czech, danish, dutch, esperanto, estonian, farsi, finnish, french, ga
lician, german, german-x-2013-05-26, greek, gujarati, hindi, hungarian, iceland
ic, indonesian, interlingua, irish, italian, kannada, kurmanji, latin, latvian,
 lithuanian, malayalam, marathi, mongolian, mongolianlmc, monogreek, ngerman, n
german-x-2013-05-26, nynorsk, oriya, panjabi, pinyin, polish, portuguese, roman
ian, russian, sanskrit, serbian, slovak, slovenian, spanish, swedish, swissgerm
an, tamil, telugu, turkish, turkmen, ukenglish, ukrainian, uppersorbian, usengl
ishmax, welsh, loaded.
("C:\Program Files\MiKTeX 2.9\tex\latex\base\article.cls"
Document Class: article 2007/10/19 v1.4h Standard LaTeX document class
("C:\Program Files\MiKTeX 2.9\tex\latex\base\size10.clo"
File: size10.clo 2007/10/19 v1.4h Standard LaTeX file (size option)
)
\c@part=\count79
\c@section=\count80
\c@subsection=\count81
\c@subsubsection=\count82
\c@paragraph=\count83
\c@subparagraph=\count84
\c@figure=\count85
\c@table=\count86
\abovecaptionskip=\skip41
\belowcaptionskip=\skip42
\bibindent=\dimen102
)
(C:\Users\Alex\git\GraphEvolPaper\ijcai15.sty
Conference Style, version of 6 September 1995 (revised Nov 2010)
\titlebox=\skip43
Named Citation Style, version of 30 November 1994
) ("C:\Program Files\MiKTeX 2.9\tex\latex\graphics\graphicx.sty"
Package: graphicx 1999/02/16 v1.0f Enhanced LaTeX Graphics (DPC,SPQR)

("C:\Program Files\MiKTeX 2.9\tex\latex\graphics\keyval.sty"
Package: keyval 1999/03/16 v1.13 key=value parser (DPC)
\KV@toks@=\toks14
)
("C:\Program Files\MiKTeX 2.9\tex\latex\graphics\graphics.sty"
Package: graphics 2009/02/05 v1.0o Standard LaTeX Graphics (DPC,SPQR)

("C:\Program Files\MiKTeX 2.9\tex\latex\graphics\trig.sty"
Package: trig 1999/03/16 v1.09 sin cos tan (DPC)
)
("C:\Program Files\MiKTeX 2.9\tex\latex\00miktex\graphics.cfg"
File: graphics.cfg 2007/01/18 v1.5 graphics configuration of teTeX/TeXLive
)
Package graphics Info: Driver file: pdftex.def on input line 91.

("C:\Program Files\MiKTeX 2.9\tex\latex\pdftex-def\pdftex.def"
File: pdftex.def 2011/05/27 v0.06d Graphics/color for pdfTeX

("C:\Program Files\MiKTeX 2.9\tex\generic\oberdiek\infwarerr.sty"
Package: infwarerr 2010/04/08 v1.3 Providing info/warning/error messages (HO)
)
("C:\Program Files\MiKTeX 2.9\tex\generic\oberdiek\ltxcmds.sty"
Package: ltxcmds 2011/11/09 v1.22 LaTeX kernel commands for general use (HO)
)
\Gread@gobject=\count87
))
\Gin@req@height=\dimen103
\Gin@req@width=\dimen104
)
("C:\Program Files\MiKTeX 2.9\tex\latex\psnfss\times.sty"
Package: times 2005/04/12 PSNFSS-v9.2a (SPQR) 
)
(C:\Users\Alex\git\GraphEvolPaper\flushend.sty
Package: flushend 1997/10/01
\@aaa=\box26
\@ccc=\box27
\@viper=\box28
\hold@viper=\box29
\atColsBreak=\toks15
\@extra@skip=\dimen105
\@nd@page@rule=\dimen106
)
(C:\Users\Alex\git\GraphEvolPaper\algorithm2e.sty
Package: algorithm2e 2013/01/06 v5.00 algorithms environments
\c@AlgoLine=\count88

("C:\Program Files\MiKTeX 2.9\tex\latex\base\ifthen.sty"
Package: ifthen 2001/05/26 v1.1c Standard LaTeX ifthen package (DPC)
)
("C:\Program Files\MiKTeX 2.9\tex\latex\tools\xspace.sty"
Package: xspace 2009/10/20 v1.13 Space after command names (DPC,MH)
)
("C:\Program Files\MiKTeX 2.9\tex\latex\ltxmisc\relsize.sty"
Package: relsize 2003/07/04 ver 3.1


Package relsize Warning: Failed to get list of font sizes.
(relsize)                Falling back to old definition. on input line 81.

)
********************************************************
Package `algorithm2e' Release 5.0 -- january 06 2013 --
- algorithm2e-announce@lirmm.fr mailing list for announcement about releases
- algorithm2e-discussion@lirmm.fr mailing list for discussion about package
subscribe by emailing sympa@lirmm.fr with 'subscribe <list> <firstname name>'
- Author: Christophe Fiorio (cfiorio@um2.fr)
********************************************************
\skiptotal=\skip44
\skiplinenumber=\skip45
\skiprule=\skip46
\skiphlne=\skip47
\skiptext=\skip48
\skiplength=\skip49
\algomargin=\skip50
\skipalgocfslide=\skip51
\algowidth=\dimen107
\inoutsize=\dimen108
\inoutindent=\dimen109
\interspacetitleruled=\dimen110
\interspacealgoruled=\dimen111
\interspacetitleboxruled=\dimen112
\algocf@inoutbox=\box30
\algocf@inputbox=\box31
\AlCapSkip=\skip52
\AlCapHSkip=\skip53
\algoskipindent=\skip54
\algocf@nlbox=\box32
\algocf@hangingbox=\box33
\algocf@untilbox=\box34
\algocf@skipuntil=\skip55
\algocf@capbox=\box35
\algoheightruledefault=\skip56
\algoheightrule=\skip57
\algotitleheightruledefault=\skip58
\algotitleheightrule=\skip59
\c@algocfline=\count89
\c@algocfproc=\count90
\c@algocf=\count91
\algocf@algoframe=\box36
\algocf@algobox=\box37
) (C:\Users\Alex\git\GraphEvolPaper\ijcai15.aux)
LaTeX Font Info:    Checking defaults for OML/cmm/m/it on input line 23.
LaTeX Font Info:    ... okay on input line 23.
LaTeX Font Info:    Checking defaults for T1/cmr/m/n on input line 23.
LaTeX Font Info:    ... okay on input line 23.
LaTeX Font Info:    Checking defaults for OT1/cmr/m/n on input line 23.
LaTeX Font Info:    ... okay on input line 23.
LaTeX Font Info:    Checking defaults for OMS/cmsy/m/n on input line 23.
LaTeX Font Info:    ... okay on input line 23.
LaTeX Font Info:    Checking defaults for OMX/cmex/m/n on input line 23.
LaTeX Font Info:    ... okay on input line 23.
LaTeX Font Info:    Checking defaults for U/cmr/m/n on input line 23.
LaTeX Font Info:    ... okay on input line 23.
LaTeX Font Info:    Try loading font information for OT1+ptm on input line 23.

("C:\Program Files\MiKTeX 2.9\tex\latex\psnfss\ot1ptm.fd"
File: ot1ptm.fd 2001/06/04 font definitions for OT1/ptm.
)
("C:\Program Files\MiKTeX 2.9\tex\context\base\supp-pdf.mkii"
[Loading MPS to PDF converter (version 2006.09.02).]
\scratchcounter=\count92
\scratchdimen=\dimen113
\scratchbox=\box38
\nofMPsegments=\count93
\nofMParguments=\count94
\everyMPshowfont=\toks16
\MPscratchCnt=\count95
\MPscratchDim=\dimen114
\MPnumerator=\count96
\makeMPintoPDFobject=\count97
\everyMPtoPDFconversion=\toks17
)
LaTeX Font Info:    Font shape `OT1/ptm/bx/n' in size <14.4> not available
(Font)              Font shape `OT1/ptm/b/n' tried instead on input line 25.
LaTeX Font Info:    External font `cmex10' loaded for size
(Font)              <12> on input line 25.
LaTeX Font Info:    External font `cmex10' loaded for size
(Font)              <8> on input line 25.
LaTeX Font Info:    External font `cmex10' loaded for size
(Font)              <6> on input line 25.
LaTeX Font Info:    Font shape `OT1/ptm/bx/n' in size <12> not available
(Font)              Font shape `OT1/ptm/b/n' tried instead on input line 25.
LaTeX Font Info:    Try loading font information for OMS+ptm on input line 25.
 ("C:\Program Files\MiKTeX 2.9\tex\latex\psnfss\omsptm.fd"
File: omsptm.fd 
)
LaTeX Font Info:    Font shape `OMS/ptm/m/n' in size <12> not available
(Font)              Font shape `OMS/cmsy/m/n' tried instead on input line 25.

<compositionExample.pdf, id=1, 343.96002pt x 253.09555pt>
File: compositionExample.pdf Graphic file (type pdf)

<use compositionExample.pdf>
Package pdftex.def Info: compositionExample.pdf used on input line 44.
(pdftex.def)             Requested size: 227.62204pt x 167.49155pt.
 [1{C:/ProgramData/MiKTeX/2.9/pdftex/config/pdftex.map}



 <C:/Users/Alex/git/GraphEvolPaper/compositionExample.pdf>]
LaTeX Font Info:    Font shape `OT1/ptm/bx/n' in size <10.95> not available
(Font)              Font shape `OT1/ptm/b/n' tried instead on input line 81.

<treeExample.pdf, id=39, 384.16022pt x 289.41876pt>
File: treeExample.pdf Graphic file (type pdf)
 <use treeExample.pdf>
Package pdftex.def Info: treeExample.pdf used on input line 102.
(pdftex.def)             Requested size: 227.62204pt x 171.48425pt.

[2 <C:/Users/Alex/git/GraphEvolPaper/treeExample.pdf>]
<graphExample.pdf, id=75, 384.16022pt x 382.88045pt>
File: graphExample.pdf Graphic file (type pdf)
 <use graphExample.pdf>
Package pdftex.def Info: graphExample.pdf used on input line 117.
(pdftex.def)             Requested size: 227.62204pt x 226.86147pt.
LaTeX Font Info:    Font shape `OT1/ptm/bx/n' in size <10> not available
(Font)              Font shape `OT1/ptm/b/n' tried instead on input line 124.

<mutationExample.pdf, id=76, 330.4094pt x 126.8489pt>
File: mutationExample.pdf Graphic file (type pdf)

<use mutationExample.pdf>
Package pdftex.def Info: mutationExample.pdf used on input line 157.
(pdftex.def)             Requested size: 227.62204pt x 87.38647pt.
 [3 <C:/Users/Alex/git/GraphEvolPaper/graphExample.pdf> <C:/Users/Alex/git/Grap
hEvolPaper/mutationExample.pdf

pdfTeX warning: pdflatex (file C:/Users/Alex/git/GraphEvolPaper/mutationExample
.pdf): PDF inclusion: multiple pdfs with page group included in a single page
>]
LaTeX Font Info:    External font `cmex10' loaded for size
(Font)              <7> on input line 176.
LaTeX Font Info:    External font `cmex10' loaded for size
(Font)              <5> on input line 176.
LaTeX Font Info:    Try loading font information for OT1+pcr on input line 184.

 ("C:\Program Files\MiKTeX 2.9\tex\latex\psnfss\ot1pcr.fd"
File: ot1pcr.fd 2001/06/04 font definitions for OT1/pcr.
) [4]
<crossoverExample.pdf, id=157, 284.18672pt x 458.19931pt>
File: crossoverExample.pdf Graphic file (type pdf)

<use crossoverExample.pdf>
Package pdftex.def Info: crossoverExample.pdf used on input line 265.
(pdftex.def)             Requested size: 227.62204pt x 367.0144pt.
LaTeX Font Info:    External font `cmex10' loaded for size
(Font)              <9> on input line 304.
LaTeX Font Info:    Font shape `OT1/ptm/bx/n' in size <9> not available
(Font)              Font shape `OT1/ptm/b/n' tried instead on input line 304.
 [5 <C:/Users/Alex/git/GraphEvolPaper/crossoverExample.pdf>] [6] (C:\Users\Alex
\git\GraphEvolPaper\ijcai15.bbl
Underfull \hbox (badness 10000) in paragraph at lines 5--10
[]\OT1/ptm/m/n/10 Lerina Aver-sano, Mas-si-m-il-iano
 []


Underfull \hbox (badness 1033) in paragraph at lines 13--19
\OT1/ptm/m/n/10 Kona, Stef-fen Bleul, Thomas Weise, and Michael C
 []


Underfull \hbox (badness 10000) in paragraph at lines 70--73
[]\OT1/ptm/m/n/10 Nikola Mi-lanovic and
 []


Underfull \hbox (badness 1009) in paragraph at lines 70--73
\OT1/ptm/m/n/10 Miroslaw Malek.  Cur-rent so-lu-tions for web ser-vice
 []


Underfull \hbox (badness 1173) in paragraph at lines 70--73
\OT1/ptm/m/n/10 com-po-si-tion.  \OT1/ptm/m/it/10 IEEE In-ter-net Com-put-ing\O
T1/ptm/m/n/10 , 8(6):51--59,
 []


Underfull \hbox (badness 10000) in paragraph at lines 81--86
[]\OT1/ptm/m/n/10 Xiaofeng Qi and Francesco
 []


Underfull \hbox (badness 10000) in paragraph at lines 89--92
[]\OT1/ptm/m/n/10 Pablo Rodriguez-Mier,
 []


Underfull \hbox (badness 4366) in paragraph at lines 89--92
\OT1/ptm/m/n/10 Com-po-si-tion of web ser-vices through ge-netic pro-
 []


Underfull \hbox (badness 2772) in paragraph at lines 109--113
[]\OT1/ptm/m/n/10 Anqi Wang, Hui Ma, and Mengjie
 []

)
Extra height:0.0pt when 476.6524pt
(2)Left:476.6524pt Right:477.30481pt Output:476.6524pt
(2)Left:477.30481pt Right:477.30481pt Output:477.30481pt
- LAST -
Extra skip:0.0pt
Left:477.30481pt
Right:477.30481pt
Output:477.30481pt
 [7

] (C:\Users\Alex\git\GraphEvolPaper\ijcai15.aux) ) 
Here is how much of TeX's memory you used:
 2773 strings out of 493921
 38099 string characters out of 3147284
 128126 words of memory out of 3000000
 6055 multiletter control sequences out of 15000+200000
 25110 words of font info for 50 fonts, out of 3000000 for 9000
 841 hyphenation exceptions out of 8191
 27i,17n,26p,1259b,450s stack positions out of 5000i,500n,10000p,200000b,50000s
{C:/Program Files/MiKTeX 2.9/
fonts/enc/dvips/fontname/8r.enc}<C:/Program Files/MiKTeX 2.9/fonts/type1/public
/amsfonts/cm/cmmi10.pfb><C:/Program Files/MiKTeX 2.9/fonts/type1/public/amsfont
s/cm/cmmi7.pfb><C:/Program Files/MiKTeX 2.9/fonts/type1/public/amsfonts/cm/cmmi
9.pfb><C:/Program Files/MiKTeX 2.9/fonts/type1/public/amsfonts/cm/cmr10.pfb><C:
/Program Files/MiKTeX 2.9/fonts/type1/public/amsfonts/cm/cmr7.pfb><C:/Program F
iles/MiKTeX 2.9/fonts/type1/public/amsfonts/cm/cmr9.pfb><C:/Program Files/MiKTe
X 2.9/fonts/type1/public/amsfonts/cm/cmsy10.pfb><C:/Program Files/MiKTeX 2.9/fo
nts/type1/public/amsfonts/cm/cmsy9.pfb><C:/Program Files/MiKTeX 2.9/fonts/type1
/urw/courier/ucrr8a.pfb><C:/Program Files/MiKTeX 2.9/fonts/type1/urw/times/utmb
8a.pfb><C:/Program Files/MiKTeX 2.9/fonts/type1/urw/times/utmr8a.pfb><C:/Progra
m Files/MiKTeX 2.9/fonts/type1/urw/times/utmri8a.pfb>
Output written on ijcai15.pdf (7 pages, 1084321 bytes).
PDF statistics:
 301 PDF objects out of 1000 (max. 8388607)
 0 named destinations out of 1000 (max. 500000)
 26 words of extra memory for PDF output out of 10000 (max. 10000000)

